[deploy-batch] 1024 pages, 0 already live, 1024 to drive (concurrency 4, publish=true)
[1/1024] OK   /academy/3-places-to-find-customers-for-your-business (live)
[2/1024] OK   /academy/6-mistakes-companies-make-when-calculating-mrr (live)
[3/1024] OK   /academy/12-business-ideas-require-little-no-startup-capital (live)
[4/1024] OK   /about (live)
[5/1024] OK   /academy/average-contract-length-acl (live)
[6/1024] OK   /academy/annual-run-rate (live)
[7/1024] OK   /academy/annual-contract-value-acv (live)
[8/1024] OK   /academy/average-revenue-per-user-arpu (live)
[9/1024] OK   /academy/bootstrapping-vs-funding (live)
[10/1024] OK   /academy/burn-rate (live)
[11/1024] OK   /academy/billings (live)
[12/1024] OK   /academy/business-formation-101-for-saas-companies (live)
[13/1024] OK   /academy/ceo (live)
[14/1024] OK   /academy/charge-from-day-one (live)
[15/1024] OK   /academy/cac-payback-period (live)
[16/1024] OK   /academy/cfo-chief-financial-officer (live)
[17/1024] OK   /academy/churn-mrr (live)
[18/1024] OK   /academy/churn-prediction-can-improve-business (live)
[19/1024] OK   /academy/churn (live)
[20/1024] OK   /academy/cohort (live)
[21/1024] OK   /academy/committed-monthly-recurring-revenue-cmrr (live)
[22/1024] OK   /academy/company-growth-rate (live)
[23/1024] OK   /academy/content-marketing (live)
[24/1024] OK   /academy/conversion-rate-optimization-cro (live)
[25/1024] OK   /academy/cost-of-goods-sold-cogs (live)
[26/1024] OK   /academy/cto-chief-technical-officer (live)
[27/1024] OK   /academy/crush-goals-saas-business (live)
[28/1024] OK   /academy/custom-software-development (live)
[29/1024] OK   /academy/customer-acquisition-cost (live)
[30/1024] OK   /academy/customer-success (live)
[31/1024] OK   /academy/daily-active-user (live)
[32/1024] OK   /academy/delegate (live)
[33/1024] OK   /academy/digital-business-academy (live)
[34/1024] OK   /academy/developing-your-product (live)
[35/1024] OK   /academy/expansion-mrr (live)
[36/1024] OK   /academy/failed-payments (live)
[37/1024] OK   /academy/firing (live)
[38/1024] OK   /academy/freemium-business-model (live)
[39/1024] OK   /academy/getting-your-first-customers (live)
[40/1024] OK   /academy/getting-your-legal-ducks-in-a-row (live)
[41/1024] OK   /academy/glossary-cost-per-click (live)
[42/1024] OK   /academy/gross-margin (live)
[43/1024] OK   /academy/handle-competition-in-business (live)
[44/1024] OK   /academy/healthy-saas-metrics (live)
[45/1024] OK   /academy/how-founders-can-research-write-and-edit-a-quality-blog-post-in-1-hour (live)
[46/1024] OK   /academy/how-to-build-a-startup-culture (live)
[47/1024] OK   /academy/how-to-create-a-marketing-budget-for-your-startup (live)
[48/1024] OK   /academy/how-to-hire-for-your-startup (live)
[49/1024] OK   /academy/how-to-improve-your-net-promoter-score (live)
[50/1024] OK   /academy/how-to-price-your-saas (live)
[51/1024] OK   /academy/how-to-validate-your-business-idea-without-going-broke (live)
[52/1024] OK   /academy/how-to-startup-retreat (live)
[53/1024] OK   /academy/how-to-validate-your-idea (live)
[54/1024] OK   /academy/how-to-value-a-saas-business (live)
[55/1024] OK   /academy/inbound-marketing (live)
[56/1024] OK   /academy/kpi-key-performance-indicator (live)
[57/1024] OK   /academy/lead-generation (live)
[58/1024] OK   /academy/lead-velocity-rate-lvr (live)
[59/1024] OK   /academy/lifetime-value-ltv (live)
[60/1024] OK   /academy/market-size (live)
[61/1024] OK   /academy/minimum-viable-product-mvp (live)
[62/1024] OK   /academy/mrr-monthly-recurring-revenue (live)
[63/1024] OK   /academy/mrr-vs-accounting-revenue (live)
[64/1024] OK   /academy/need-know-saas-revenue-recognition (live)
[65/1024] OK   /academy/new-customers (live)
[66/1024] OK   /academy/new-mrr (live)
[67/1024] OK   /academy/office-space (live)
[68/1024] OK   /academy/outbound-marketing (live)
[69/1024] OK   /academy/overnight-success-2 (live)
[70/1024] OK   /academy/perfect-product (live)
[71/1024] OK   /academy/pay-per-click-ppc (live)
[72/1024] OK   /academy/perfect-pricing-benchmarks-and-best-practices (live)
[73/1024] OK   /academy/perks (live)
[74/1024] OK   /academy/price-for-the-customers-you-want (live)
[75/1024] OK   /academy/productive-working-remotely (live)
[76/1024] OK   /academy/product-market-fit (live)
[77/1024] OK   /academy/questions-to-ask-when-interviewing-for-a-remote-position (live)
[78/1024] OK   /academy/project-management (live)
[79/1024] OK   /academy/reduce-churn-retain-customers (live)
[80/1024] OK   /academy/recurring-vs-non-recurring-revenue (live)
[81/1024] OK   /academy/remote-right-business (live)
[82/1024] OK   /academy/retention-rate (live)
[83/1024] OK   /academy/saas-business-model (live)
[84/1024] OK   /academy/saas-business-ideas (live)
[85/1024] OK   /academy/saas-calculating-ltv (live)
[86/1024] OK   /academy/saas-calculate-mrr (live)
[87/1024] OK   /academy/saas-churn (live)
[88/1024] OK   /academy/saas-founders-need-to-know-these-tax-rules (live)
[89/1024] OK   /academy/saas-ltv-models (live)
[90/1024] OK   /academy/saas-metrics (live)
[91/1024] OK   /academy/sell-early-sell-often (live)
[92/1024] OK   /academy/saas-quick-ratio (live)
[93/1024] OK   /academy/separating-work-personal-life-4-tactics-need-know (live)
[94/1024] OK   /academy/service-level-agreement-sla (live)
[95/1024] OK   /academy/setting-up-customer-support-in-a-start-up (live)
[96/1024] OK   /academy/setting-up-social-media (live)
[97/1024] OK   /academy/signs-time-hire-hold-off (live)
[98/1024] OK   /academy/start-using-web-push-notifications-to-improve-click-through-rates-by-20 (live)
[99/1024] OK   /academy/social-media-automation (live)
[100/1024] OK   /academy/startup-insurance-2 (live)
[101/1024] OK   /academy/startups-know-monthly-active-users (live)
[102/1024] OK   /academy/strategic-partnerships-partner-marketing (live)
[103/1024] OK   /academy/tcv-total-contract-value (live)
[104/1024] OK   /academy/time-to-value-ttv (live)
[105/1024] OK   /academy/top-5-inexpensive-specific-ways-for-startups-to-get-new-customers (live)
[106/1024] OK   /academy/top-6-revenue-analytics-tools-for-saas-businesses (live)
[107/1024] OK   /academy/top-7-subscription-management-tools-for-2023-2024 (live)
[108/1024] OK   /academy/types-customer-feedback (live)
[109/1024] OK   /academy/understanding-recurring-revenue (live)
[110/1024] OK   /academy/what-is-net-promoter-score (live)
[111/1024] OK   /academy/why-some-developers-become-successful-founders-and-others-dont (live)
[112/1024] OK   /academy (live)
[113/1024] OK   /accelerator (live)
[114/1024] OK   /affiliate (live)
[115/1024] OK   /apple-itunes-app-store-connect (live)
[116/1024] OK   /blog/0-to-25000 (live)
[117/1024] OK   /blog/10-business-tips-for-shopify-app-developers (live)
[118/1024] OK   /blog/10-examples-of-revenue-models-for-saas (live)
[119/1024] OK   /blog/10-reporting-metrics-every-subscription-saas-company-must-track (live)
[120/1024] OK   /blog/10-must-read-books-for-startup-founders (live)
[121/1024] OK   /blog/10-scalable-ways-to-improve-saas-customer-success (live)
[122/1024] OK   /blog/1000-percent-lower-churn (live)
[123/1024] OK   /blog/11-tips-for-marketing-your-shopify-plugin (live)
[124/1024] OK   /blog/15-seo-hacks-for-saas-startups (live)
[125/1024] OK   /blog/3-lessons-from-saas-founders (live)
[126/1024] OK   /blog/3-revenue-forecasting-models-for-accurate-revenue-predictions (live)
[127/1024] OK   /blog/30-saas-founders-on-raising-money-and-venture-capital (live)
[128/1024] OK   /blog/33-lessons-from-the-trenches-of-building-a-million-dollar-company (live)
[129/1024] OK   /blog/4-best-financial-projection-software-you-should-consider (live)
[130/1024] OK   /blog/5-best-tools-to-manage-your-paid-newsletter (live)
[131/1024] OK   /blog/5-customer-retention-strategies-that-actually-work (live)
[132/1024] OK   /blog/5-financial-forecasting-models-and-examples-of-use-cases (live)
[133/1024] OK   /blog/5-mistakes-to-avoid-when-tracking-saas-metrics (live)
[134/1024] OK   /blog/5-subscription-payment-service-tools-what-can-they-do (live)
[135/1024] OK   /blog/5-things-i-learned-failing-to-sell-baremetrics-for-5m (live)
[136/1024] OK   /blog/5-tips-for-handling-hr-as-a-start-up (live)
[137/1024] OK   /blog/5-tools-marketers-can-use-to-improve-their-workflow (live)
[138/1024] OK   /blog/5-unique-revenue-generating-insights-you-can-get-in-baremetrics (live)
[139/1024] OK   /blog/6-b2b-payment-processing-tools (live)
[140/1024] OK   /blog/6-dunning-best-practices-to-reduce-churn-boost-revenue-recovery (live)
[141/1024] OK   /blog/6-important-metrics-for-saas-reporting (live)
[142/1024] OK   /blog/6-questions-first-time-saas-founders-should-be-asking-themselves (live)
[143/1024] OK   /blog/6-tips-for-effective-data-sharing-using-baremetrics-2 (live)
[144/1024] OK   /blog/6-tips-for-hiring-off-upwork (live)
[145/1024] OK   /blog/6-tips-for-running-a-successful-ad-campaign-as-a-micro-saas-founder (live)
[146/1024] OK   /blog/7-attractive-financial-and-freedom-benefits-of-starting-new-businesses (live)
[147/1024] OK   /blog/7-cool-ways-to-use-the-baremetrics-api (live)
[148/1024] OK   /blog/7-profitwell-alternatives-for-smarter-saas-insights (live)
[149/1024] OK   /blog/7-common-vanity-metrics-that-youve-been-using (live)
[150/1024] OK   /blog/7-reasons-youre-struggling-with-forecasting-for-your-saas-business-and-how-baremetrics-can-help (live)
[151/1024] OK   /blog/7-tips-on-improving-employee-retention-as-a-remote-work-saas-businessinspired-by-founder-chats-justin-cooke-from-empire-flippers (live)
[152/1024] OK   /blog/a-beginners-guide-to-annual-budgeting (live)
[153/1024] OK   /blog/75-ways-to-distribute-saas-content-in-2022 (live)
[154/1024] OK   /blog/a-founders-guide-to-saas-revenue-forecasting (live)
[155/1024] OK   /blog/a-guide-to-influencer-marketing-for-subscription-businesses (live)
[156/1024] OK   /blog/a-guide-to-resonance-marketing (live)
[157/1024] OK   /blog/a-mantra-for-early-stage-saas-startups (live)
[158/1024] OK   /blog/aarrr-metrics-framework-what-is-it-and-how-to-use-it (live)
[159/1024] OK   /blog/advanced-stripe-dashboards-for-subscription-management (live)
[160/1024] OK   /blog/ai-for-revenue-analytics-how-machine-learning-is-transforming-financial-data-analysis (live)
[161/1024] OK   /blog/all-you-need-to-know-about-subscription-billing (live)
[162/1024] OK   /blog/alternative-marketing-strategies-for-saas-businesses (live)
[163/1024] OK   /blog/an-introduction-to-non-dilutive-fundraising-for-saas (live)
[164/1024] OK   /blog/announcing-baremetrics (live)
[165/1024] OK   /blog/annual-subscriptions-30-percent-increase (live)
[166/1024] OK   /blog/annual-vs-monthly-pricing-better-retention (live)
[167/1024] OK   /blog/api-based-saas-definition-benefits-challenges (live)
[168/1024] OK   /blog/automating-customer-feedback (live)
[169/1024] OK   /blog/apple-podcast-analytics-financial-metrics-software (live)
[170/1024] OK   /blog/backlinks-and-google-penalties-5-tips-on-avoiding-search-engine-disasters (live)
[171/1024] OK   /blog/baremetrics-ebook-beating-competition-in-saas (live)
[172/1024] OK   /blog/baremetrics-hubspot-integration (live)
[173/1024] OK   /blog/baremetrics-growth-manifesto (live)
[174/1024] OK   /blog/baremetrics-integration-platforms (live)
[175/1024] OK   /blog/baremetrics-is-ready-for-the-future-of-stripe (live)
[176/1024] OK   /blog/baremetrics-is-the-best-stripe-analytics-dashboard (live)
[177/1024] OK   /blog/baremetrics-recover-what-you-need-to-know (live)
[178/1024] FAIL /blog/baremetrics-stripe-platform-integrations (verify-fail)
[179/1024] OK   /blog/baremetrics-vs-chartmogul-vs-firstofficer (live)
[180/1024] OK   /blog/baremetrics-vs-chartmogul-vs-mrr-io (live)
[181/1024] OK   /blog/baremetrics-vs-chartmogul-vs-profitwell (live)
[182/1024] OK   /blog/baremetrics-vs-chartmogul-vs-saasoptics (live)
[183/1024] OK   /blog/baremetrics-vs-chartmogul-vs-stripe-analytics (live)
[184/1024] OK   /blog/baremetrics-vs-chartmogul-which-is-right-for-your-business (live)
[185/1024] OK   /blog/best-accounting-tools-for-small-businesses (live)
[186/1024] OK   /blog/best-cash-flow-modeling-software (live)
[187/1024] OK   /blog/behavioral-segmentation-what-is-it (live)
[188/1024] OK   /blog/best-payment-processors-for-startups (live)
[189/1024] OK   /blog/best-invoicing-procedures-how-to-handle-invoices-for-small-businesses (live)
[190/1024] OK   /blog/best-practices-for-saas-revenue-forecasting (live)
[191/1024] OK   /blog/best-practices-for-onboarding-saas-customers (live)
[192/1024] OK   /blog/best-reporting-tools-for-saas-businesses (live)
[193/1024] OK   /blog/best-subscription-analytics-tools-small-businesses (live)
[194/1024] OK   /blog/bookkeeping-for-your-saas-business (live)
[195/1024] OK   /blog/bookkeeping-vs-accounting-vs-controller-vs-finance (live)
[196/1024] OK   /blog/bootstrapped-to-funded (live)
[197/1024] OK   /blog/bootstrapped-vs-vc-lessons-learned-youre-silly (live)
[198/1024] OK   /blog/budget-vs-actual-a-guide (live)
[199/1024] OK   /blog/buffer-a-week-later (live)
[200/1024] OK   /blog/buffer-baremetrics (live)
[201/1024] OK   /blog/build-it-buy-it (live)
[202/1024] OK   /blog/building-a-saas-app-for-stripe (live)
[203/1024] OK   /blog/building-a-shopify-app-what-you-need-to-know (live)
[204/1024] OK   /blog/calculating-growth-rates-in-saas (live)
[205/1024] OK   /blog/building-remote-team (live)
[206/1024] OK   /blog/cancellation-survey (live)
[207/1024] OK   /blog/canny-bootstrapped-800k-arr (live)
[208/1024] OK   /blog/cash-accounting (live)
[209/1024] OK   /blog/cash-flow-modeling-software-what-to-look-for (live)
[210/1024] OK   /blog/cash-flow-modeling-for-saas-6-tools-to-use-in-2022 (live)
[211/1024] OK   /blog/cash-flow-statements-examples-and-solutions-for-your-saas-business (live)
[212/1024] OK   /blog/cash-projection-model-best-practices (live)
[213/1024] OK   /blog/chargebee-and-alternatives (live)
[214/1024] OK   /blog/categorize-expenses-saas-startup (live)
[215/1024] OK   /blog/chargebee-billing-history (live)
[216/1024] OK   /blog/chargebee-calculate-cac (live)
[217/1024] OK   /blog/chargebee-calculate-churn (live)
[218/1024] OK   /blog/chargebee-calculate-ltv (live)
[219/1024] OK   /blog/chargebee-for-subscription-management (live)
[220/1024] OK   /blog/chargebee-reviews (live)
[221/1024] OK   /blog/chargebee-vs-recurly-which-one-fits-your-business (live)
[222/1024] OK   /blog/chargebee-vs-chargify-which-is-the-better-fit (live)
[223/1024] OK   /blog/chargebee-vs-zuora-a-detailed-look (live)
[224/1024] OK   /blog/churn-analysis (live)
[225/1024] OK   /blog/cohort-analysis (live)
[226/1024] OK   /blog/confronting-imposter-syndrome-startup-founder (live)
[227/1024] OK   /blog/company-mission-presentation (live)
[228/1024] OK   /blog/connecting-data-with-baremetrics (live)
[229/1024] OK   /blog/content-consolidation (live)
[230/1024] OK   /blog/customer-acquisition-cost-reduction-methods (live)
[231/1024] OK   /blog/creating-the-ideal-customer-profile-as-a-startup-a-step-by-step-guide (live)
[232/1024] OK   /blog/customer-advocacy-a-critical-aspect-of-marketing-for-saas (live)
[233/1024] OK   /blog/customer-analytics-tools-to-take-your-business-to-the-next-level (live)
[234/1024] OK   /blog/customer-attrition-how-to-measure-it-and-prevent-it (live)
[235/1024] OK   /blog/customer-behavior-analysis-how-to-understand-and-predict-your-customers (live)
[236/1024] OK   /blog/customer-churn-vs-revenue-churn (live)
[237/1024] OK   /blog/customer-churn (live)
[238/1024] OK   /blog/customer-expansion (live)
[239/1024] OK   /blog/customer-feedback-2 (live)
[240/1024] OK   /blog/customer-feedback-to-fuel-growth (live)
[241/1024] OK   /blog/customer-feedback (live)
[242/1024] OK   /blog/customer-lifetime-value-and-customer-lifetime-care (live)
[243/1024] OK   /blog/customer-onboarding (live)
[244/1024] OK   /blog/customer-research (live)
[245/1024] OK   /blog/customer-retention-rate (live)
[246/1024] OK   /blog/customer-retention-metrics (live)
[247/1024] OK   /blog/customer-satisfaction-scores-are-a-waste-of-time (live)
[248/1024] OK   /blog/customer-retention-strategies (live)
[249/1024] OK   /blog/customer-segmentation-examples-how-to-do-customer-segmentation-with-baremetrics (live)
[250/1024] OK   /blog/customer-segmentation-benefits-to-optimize-your-marketing-strategy (live)
[251/1024] OK   /blog/customer-segmentation-examples-to-improve-your-marketing-strategy (live)
[252/1024] OK   /blog/customer-segmentation-models-a-smarter-approach (live)
[253/1024] OK   /blog/customer-support-employee-number-one (live)
[254/1024] OK   /blog/customer-segmentation-vs-market-segmentation (live)
[255/1024] OK   /blog/customer-support-for-saas-how-to-do-it-right (live)
[256/1024] OK   /blog/data-enrichment-vs-lead-qualification (live)
[257/1024] OK   /blog/different-mrr-data (live)
[258/1024] OK   /blog/direct-from-source-transactions-a-win-win-win-for-b2b-transactions (live)
[259/1024] OK   /blog/dunning-emails (live)
[260/1024] OK   /blog/do-churn-based-ltv-calculations-mislead-us (live)
[261/1024] OK   /blog/dunning-management (live)
[262/1024] OK   /blog/dunning-process (live)
[263/1024] OK   /blog/dunning-solutions-for-enterprise (live)
[264/1024] OK   /blog/dunning-solutions-for-startups (live)
[265/1024] OK   /blog/earned-and-incurred-accounting-whats-the-difference (live)
[266/1024] OK   /blog/ebit-vs-ebitda (live)
[267/1024] OK   /blog/embiggening-mission-recurly-braintree (live)
[268/1024] OK   /blog/emphatic-strategy (live)
[269/1024] OK   /blog/examples-of-assets-in-saas (live)
[270/1024] OK   /blog/everything-you-need-to-know-about-arr (live)
[271/1024] OK   /blog/failing-slow (live)
[272/1024] OK   /blog/feature-framework (live)
[273/1024] OK   /blog/fixed-vs-variable-expenses-breaking-it-down-simply (live)
[274/1024] OK   /blog/first-100-customers (live)
[275/1024] OK   /blog/forecasting-mrr-growth-proven-methods (live)
[276/1024] OK   /blog/founder-mental-health (live)
[277/1024] OK   /blog/founder-mistakes (live)
[278/1024] OK   /blog/founder-writing (live)
[279/1024] OK   /blog/free-trial-email (live)
[280/1024] OK   /blog/freemium-saas-implode (live)
[281/1024] OK   /blog/friendly-growth-study (live)
[282/1024] OK   /blog/fundraising-how-to-prepare-financial-statements-for-investors (live)
[283/1024] OK   /blog/fundraising-what-are-investors-looking-for (live)
[284/1024] OK   /blog/get-accurate-financial-metrics-with-baremetrics (live)
[285/1024] OK   /blog/get-baremetrics-insights-inside-stripe-with-our-new-app (live)
[286/1024] OK   /blog/get-better-paypal-analytics-with-baremetrics (live)
[287/1024] OK   /blog/getting-out-of-the-startup-rat-race (live)
[288/1024] OK   /blog/gifs-feature-rollout (live)
[289/1024] OK   /blog/gross-churn-vs-net-churn (live)
[290/1024] OK   /blog/growth-hacking-manipulation (live)
[291/1024] OK   /blog/guide-announcement-videos (live)
[292/1024] OK   /blog/growth-mindset (live)
[293/1024] OK   /blog/growth-strategy (live)
[294/1024] OK   /blog/hacker-news-1500-recurring-revenue (live)
[295/1024] OK   /blog/hello-were-growing-at-baremetrics (live)
[296/1024] OK   /blog/heres-what-investors-look-for-in-saas-businesses (live)
[297/1024] OK   /blog/hidden-cost-retention-automation (live)
[298/1024] OK   /blog/hiring-contracts (live)
[299/1024] OK   /blog/hiring-customer-support (live)
[300/1024] OK   /blog/history-hit-strategy (live)
[301/1024] OK   /blog/hit-the-ground-running-in-2023-with-an-efficient-annual-budget-using-flightpath (live)
[302/1024] OK   /blog/hotjar-generalist-can-pay-off-big-time (live)
[303/1024] OK   /blog/how-do-you-calculate-retention-rate (live)
[304/1024] OK   /blog/how-fast-saas-companies-hit-arr-milestones (live)
[305/1024] OK   /blog/how-nudge-coach-reduced-customer-churn-by-over-70 (live)
[306/1024] OK   /blog/how-quicknode-is-handling-growth-in-the-blockchain-industry (live)
[307/1024] OK   /blog/how-to-automate-your-saas-expenses-with-quickbooks-bank-rules (live)
[308/1024] OK   /blog/how-to-automate-your-saas-expenses-with-xero-bank-rules (live)
[309/1024] OK   /blog/how-to-bring-back-disengaged-users (live)
[310/1024] OK   /blog/how-to-build-a-financial-model (live)
[311/1024] OK   /blog/how-to-build-a-growth-focused-seo-strategy-for-every-stage-of-the-funnel (live)
[312/1024] OK   /blog/how-to-build-a-saas-customer-acquisition-strategy (live)
[313/1024] OK   /blog/how-to-build-a-saas-referral-program (live)
[314/1024] OK   /blog/how-to-calculate-cac-for-shopify-partner-apps (live)
[315/1024] OK   /blog/how-to-calculate-ltv-for-shopify-partner-apps (live)
[316/1024] OK   /blog/how-to-calculate-mrr-for-shopify-partner-apps (live)
[317/1024] OK   /blog/how-to-calculate-the-quick-ratio-for-shopify-partner-apps (live)
[318/1024] OK   /blog/how-to-categorize-expenses-in-a-saas-startup-v2-0 (live)
[319/1024] OK   /blog/how-to-choose-saas-billing-software (live)
[320/1024] OK   /blog/how-to-create-a-free-trial-marketing-strategy (live)
[321/1024] OK   /blog/how-to-create-a-saas-marketing-plan-in-7-steps (live)
[322/1024] OK   /blog/how-to-create-an-effective-go-to-market-strategy-for-your-saas-product (live)
[323/1024] OK   /blog/how-to-determine-product-market-fit-complete-guide (live)
[324/1024] OK   /blog/how-to-do-price-analysis-for-saas (live)
[325/1024] OK   /blog/how-to-drive-saas-growth-with-cold-email (live)
[326/1024] OK   /blog/how-to-get-more-from-shopify-analytics (live)
[327/1024] OK   /blog/how-to-import-augment-and-segment-customers-in-baremetrics (live)
[328/1024] OK   /blog/how-to-handle-equity-at-your-startup (live)
[329/1024] OK   /blog/how-to-identify-customers-at-risk-of-churn (live)
[330/1024] OK   /blog/how-to-improve-your-lead-conversion-rate-for-shopify-partner-apps (live)
[331/1024] OK   /blog/how-to-increase-the-value-of-your-saas-business (live)
[332/1024] OK   /blog/how-to-lead-a-hybrid-team-post-covid (live)
[333/1024] OK   /blog/how-to-make-it-through-the-pre-revenue-startup-phase (live)
[334/1024] OK   /blog/how-to-measure-cx-through-these-6-crucial-customer-experience-metrics (live)
[335/1024] OK   /blog/how-to-migrate-customer-data-from-paypal-to-stripe-everything-you-need-to-know (live)
[336/1024] OK   /blog/how-to-optimize-product-market-fit-using-conjoint-analysis (live)
[337/1024] OK   /blog/how-to-reduce-churn-for-large-companies (live)
[338/1024] OK   /blog/how-to-set-up-baremetrics-recover-to-maximize-roi (live)
[339/1024] OK   /blog/how-to-set-up-cancellation-insights (live)
[340/1024] OK   /blog/how-to-set-up-recurring-payments-for-your-subscriptions (live)
[341/1024] OK   /blog/how-to-start-a-saas-company-6-ingredients-for-success (live)
[342/1024] OK   /blog/how-to-set-up-your-saas-company-payroll-with-quickbooks-and-gusto (live)
[343/1024] OK   /blog/how-to-use-benchmarks-by-baremetrics (live)
[344/1024] OK   /blog/how-to-to-build-a-worst-case-scenario-using-a-saas-financial-model (live)
[345/1024] OK   /blog/how-to-use-subscription-reporting-to-improve-your-trial-conversion-rate (live)
[346/1024] OK   /blog/how-to-use-the-shopify-cli-to-build-shopify-apps (live)
[347/1024] OK   /blog/how-to-verify-that-your-website-is-user-friendly (live)
[348/1024] OK   /blog/how-userp-maintained-team-productivity-while-growing-our-team-7x-in-3-years (live)
[349/1024] OK   /blog/how-we-doubled-our-trial-conversion-rate-with-in-app-messaging (live)
[350/1024] OK   /blog/how-we-get-great-testimonials (live)
[351/1024] OK   /blog/how-we-reduced-churn (live)
[352/1024] OK   /blog/hubstaff-public-revenue-dashboard (live)
[353/1024] OK   /blog/hypefury-growth (live)
[354/1024] OK   /blog/how-we-went-from-weeks-of-cash-left-in-the-bank-to-profitable-in-8-months (live)
[355/1024] OK   /blog/i-almost-sold-baremetrics-for-5m (live)
[356/1024] OK   /blog/i-sold-baremetrics (live)
[357/1024] OK   /blog/idea-to-5000-in-5-months (live)
[358/1024] OK   /blog/important-growth-analytics-tools-for-businesses (live)
[359/1024] OK   /blog/improving-churn-retention-with-chargebee-and-baremetrics (live)
[360/1024] OK   /blog/improve-dunning-recovery-rate (live)
[361/1024] OK   /blog/increase-saas-customer-loyalty-with-nps (live)
[362/1024] OK   /blog/inside-baremetrics-april-2014 (live)
[363/1024] OK   /blog/inside-baremetrics-july-2014 (live)
[364/1024] OK   /blog/inside-baremetrics-march-2014 (live)
[365/1024] OK   /blog/inside-baremetrics-november-2014 (live)
[366/1024] OK   /blog/inside-our-financials-baremetrics-demo (live)
[367/1024] OK   /blog/integrating-baremetrics-with-shopify-partners (live)
[368/1024] OK   /blog/integrating-baremetrics-with-stripe (live)
[369/1024] OK   /blog/invoice-financing-for-saas-companies-what-is-it-how-does-it-work (live)
[370/1024] OK   /blog/introducing-flightpath-finance-our-new-secret-weapon-2 (live)
[371/1024] OK   /blog/involuntary-churn (live)
[372/1024] OK   /blog/is-deferred-revenue-a-liability (live)
[373/1024] OK   /blog/key-metrics-value-based-pricing-saas (live)
[374/1024] OK   /blog/is-your-company-really-only-doing-45000-per-month (live)
[375/1024] OK   /blog/lifecycle-emails (live)
[376/1024] OK   /blog/ltv-why-youre-measuring-ltv-wrong (live)
[377/1024] OK   /blog/maker-manager-founder (live)
[378/1024] OK   /blog/long-slow-saas-ramp-of-death (live)
[379/1024] OK   /blog/managing-total-expenses-a-how-to-guide (live)
[380/1024] OK   /blog/marginal-cost-why-you-need-to-know-it (live)
[381/1024] OK   /blog/marketing-analytics-tools-what-are-the-best-ones (live)
[382/1024] OK   /blog/marketing-analytics-tools (live)
[383/1024] OK   /blog/matching-and-revenue-recognition-principles (live)
[384/1024] OK   /blog/marketing-dashboard-tips-to-help-your-business-grow (live)
[385/1024] OK   /blog/marketing-idea-scoring-system (live)
[386/1024] OK   /blog/medium-back-to-blog (live)
[387/1024] OK   /blog/mental-health-for-entrepreneurs-and-everybody-else (live)
[388/1024] OK   /blog/most-startups-are-not-crushing-it (live)
[389/1024] OK   /blog/metricfire (live)
[390/1024] OK   /blog/motivation-fallacy (live)
[391/1024] OK   /blog/mql-vs-pql-vs-sql-what-you-need-to-know (live)
[392/1024] OK   /blog/mrr-growth-rate-vs-net-mrr-growth-rate (live)
[393/1024] OK   /blog/mrr-growth (live)
[394/1024] OK   /blog/multi-currency (live)
[395/1024] OK   /blog/net-income-vs-gross-revenue-vs-net-revenue-the-full-guide (live)
[396/1024] OK   /blog/negative-churn (live)
[397/1024] OK   /blog/net-revenue-vs-operating-income (live)
[398/1024] OK   /blog/net-profit-margin-explained (live)
[399/1024] OK   /blog/never-offer-unlimited (live)
[400/1024] OK   /blog/new-feature-live-stream (live)
[401/1024] OK   /blog/new-feature-customer-profiles (live)
[402/1024] OK   /blog/new-feature-data-exporting (live)
[403/1024] OK   /blog/new-feature-notifications (live)
[404/1024] OK   /blog/new-metric-refunds (live)
[405/1024] OK   /blog/new-features-will-not-save-your-business (live)
[406/1024] OK   /blog/no-that-thing-is-not-a-big-deal (live)
[407/1024] OK   /blog/not-hitting-your-saas-growth-goals-heres-five-potential-reasons-why (live)
[408/1024] OK   /blog/onboarding-welcome-email (live)
[409/1024] OK   /blog/one-year-later (live)
[410/1024] OK   /blog/onboarding-email (live)
[411/1024] OK   /blog/open-startups (live)
[412/1024] OK   /blog/organize-startup-chaos (live)
[413/1024] OK   /blog/our-most-controversial-business-decision (live)
[414/1024] OK   /blog/outages (live)
[415/1024] OK   /blog/overnight-success (live)
[416/1024] OK   /blog/per-user-pricing (live)
[417/1024] OK   /blog/perpetual-license-vs-annual-license-vs-subscriptions (live)
[418/1024] OK   /blog/perfect-customer (live)
[419/1024] OK   /blog/pipedrive-crm-what-it-is-and-how-to-integrate-it-with-baremetrics (live)
[420/1024] OK   /blog/predictive-analytics-saas-lifetime-value (live)
[421/1024] OK   /blog/price-optimization-in-saas-a-series (live)
[422/1024] OK   /blog/price-optimization-in-saas-an-introduction (live)
[423/1024] OK   /blog/price-optimization-in-saas-customer-retention (live)
[424/1024] OK   /blog/price-optimization-in-saas-what-does-churn-tell-us (live)
[425/1024] OK   /blog/price-optimization-in-saas-why-you-should-experiment-what-data-to-use (live)
[426/1024] OK   /blog/product-innovation (live)
[427/1024] OK   /blog/product-launch-sequence (live)
[428/1024] OK   /blog/product-vs-product-category-the-challenges-of-developing-the-next-big-thing-as-a-saas-start-up (live)
[429/1024] OK   /blog/profitwell-vs-baremetrics (live)
[430/1024] OK   /blog/proven-ways-reduce-saas-churn-rate (live)
[431/1024] OK   /blog/quick-ratio-vs-current-ratio-vs-acid-test-ratio (live)
[432/1024] OK   /blog/quickbooks-online-vs-xero (live)
[433/1024] OK   /blog/reactivating-subscriptions-reactivating-and-resuming-metrics-for-your-subscriptions (live)
[434/1024] OK   /blog/recover-failed-payments-save-lost-revenue (live)
[435/1024] OK   /blog/recover-vs-cancellation-insights-whats-the-difference (live)
[436/1024] OK   /blog/recurly-vs-stripe-pros-and-cons (live)
[437/1024] OK   /blog/recurly-vs-chargify-features-pricing-reviews-and-more (live)
[438/1024] OK   /blog/recurly-vs-zuora-choose-the-perfect-billing-software (live)
[439/1024] OK   /blog/reduce-churn (live)
[440/1024] OK   /blog/reflection-business-updates (live)
[441/1024] OK   /blog/remote-focus (live)
[442/1024] OK   /blog/remote-hiring-interview-process (live)
[443/1024] OK   /blog/remote-work-for-startups-tips-for-virtually-managing-your-team (live)
[444/1024] OK   /blog/revenue-vs-profit (live)
[445/1024] OK   /blog/revenue-churn (live)
[446/1024] OK   /blog/revenue-vs-income (live)
[447/1024] OK   /blog/revolutionizing-financial-insights-how-revenue-analytics-ai-transforms-financial-data-analysis (live)
[448/1024] OK   /blog/saas-analytics (live)
[449/1024] OK   /blog/saas-annual-plans (live)
[450/1024] OK   /blog/saas-balance-sheet-examples (live)
[451/1024] OK   /blog/saas-billing (live)
[452/1024] OK   /blog/saas-conferences-to-attend (live)
[453/1024] OK   /blog/saas-dashboard (live)
[454/1024] OK   /blog/saas-conversion-funnel-how-to-track-and-optimize-your-funnel (live)
[455/1024] OK   /blog/saas-demos (live)
[456/1024] OK   /blog/saas-finance-essentials (live)
[457/1024] OK   /blog/saas-financial-benchmarks-by-baremetrics (live)
[458/1024] OK   /blog/saas-financial-metrics-use-baremetrics-for-all-of-your-saas-financial-metrics (live)
[459/1024] OK   /blog/saas-financial-model (live)
[460/1024] OK   /blog/saas-marketing-strategy-inbound-vs-outbound (live)
[461/1024] OK   /blog/saas-metrics-checklist-kpis-founders-should-track (live)
[462/1024] OK   /blog/saas-metrics-dashboards-examples-templates (live)
[463/1024] OK   /blog/saas-metrics-survey-benchmark-your-metrics (live)
[464/1024] OK   /blog/saas-price-increase-how-to-raise-prices-without-upsetting-customers (live)
[465/1024] OK   /blog/saas-personalization-growth (live)
[466/1024] OK   /blog/saas-retargeting (live)
[467/1024] OK   /blog/saas-pricing-models (live)
[468/1024] OK   /blog/saas-sales-model-choosing-the-best-strategy-for-your-saas-business (live)
[469/1024] OK   /blog/sage-accounting-alternatives-for-saas (live)
[470/1024] OK   /blog/sales-outbound-101-the-best-tools-for-startups (live)
[471/1024] OK   /blog/saving-you-millions-of-dollars-asset-sale-vs-stock-sale (live)
[472/1024] OK   /blog/scenario-forecasting-what-is-it-and-why-does-your-saas-company-need-it (live)
[473/1024] OK   /blog/scenario-planning-and-financial-forecasting-a-starters-guide (live)
[474/1024] OK   /blog/scored-baremetrics-dot-com (live)
[475/1024] OK   /blog/seasonality-vs-trends-saas-revenue-explained (live)
[476/1024] OK   /blog/segment-customers-better-retention-rates (live)
[477/1024] OK   /blog/self-serve-cancellations-saved-our-business (live)
[478/1024] OK   /blog/serendipity-on-demand-generating-breakthrough-opportunities-by-leveraging-your-network (live)
[479/1024] OK   /blog/setting-up-your-baremetrics-account (live)
[480/1024] OK   /blog/shopify-marketplace-kit-what-it-is-and-how-to-use-it (live)
[481/1024] OK   /blog/shopify-markets-what-shopify-partners-need-to-know (live)
[482/1024] OK   /blog/shopify-partner-dashboard-for-app-developers-what-business-metrics-you-can-get-for-your-shopify-app (live)
[483/1024] OK   /blog/shopify-revenue-share-what-shopify-partners-need-to-know-2021 (live)
[484/1024] OK   /blog/shopify-vs-woocommerce-the-best-platform-for-your-online-shop (live)
[485/1024] OK   /blog/should-your-saas-business-invest-more-in-content-marketing (live)
[486/1024] OK   /blog/signs-your-business-is-dying (live)
[487/1024] OK   /blog/solo-to-team-without-a-clue (live)
[488/1024] OK   /blog/startup-chat-may-8-2014 (live)
[489/1024] OK   /blog/startup-chat-pricing (live)
[490/1024] OK   /blog/startup-culture-manifesto (live)
[491/1024] OK   /blog/startup-echo-chamber-making-deaf (live)
[492/1024] OK   /blog/startup-financial-models (live)
[493/1024] OK   /blog/startup-financial-model-building-a-startup-financial-model (live)
[494/1024] OK   /blog/startup-funding (live)
[495/1024] OK   /blog/startup-guide-to-1-on-1 (live)
[496/1024] OK   /blog/startup-guide-growing-business-intercom (live)
[497/1024] OK   /blog/startup-guide-to-hiring-remote-customer-support (live)
[498/1024] OK   /blog/startup-insurance (live)
[499/1024] OK   /blog/startup-product-market-fit (live)
[500/1024] OK   /blog/startup-retreat (live)
[501/1024] OK   /blog/startup-solo-founder (live)
[502/1024] OK   /blog/startups-keep-classy (live)
[503/1024] OK   /blog/storemapper-public-revenue-dashboard (live)
[504/1024] OK   /blog/stripe-500000-baremetrics (live)
[505/1024] OK   /blog/stripe-and-braintree-integrations (live)
[506/1024] OK   /blog/stripe-and-chargebee-integrations-with-baremetrics (live)
[507/1024] OK   /blog/stripe-and-recurly-integrations (live)
[508/1024] OK   /blog/stripe-google-play-integrations-with-baremetrics (live)
[509/1024] OK   /blog/stripe-apple-app-store-integrations-with-baremetrics (live)
[510/1024] OK   /blog/stripe-quickbooks-integration-with-baremetrics (live)
[511/1024] OK   /blog/stripe-reports-what-is-and-isnt-available (live)
[512/1024] OK   /blog/stripe-shopify-partners-integration-with-baremetrics (live)
[513/1024] OK   /blog/stripe-vs-2checkout-features-pricing-reviews-and-more (live)
[514/1024] OK   /blog/stripe-vs-adyen-features-pricing-reviews-and-more (live)
[515/1024] OK   /blog/stripe-vs-authorize-net (live)
[516/1024] OK   /blog/stripe-vs-baremetrics-which-is-best-for-saas-metrics (live)
[517/1024] OK   /blog/stripe-vs-braintree-which-is-right-for-your-business (live)
[518/1024] OK   /blog/stripe-vs-chargebee-features-pricing-reviews-and-more (live)
[519/1024] OK   /blog/stripe-vs-chargify-features-pricing-reviews-and-more (live)
[520/1024] OK   /blog/stripe-vs-paypal-which-payment-platform-is-more-valuable-for-your-business (live)
[521/1024] OK   /blog/stripe-vs-gumroad-features-pricing-reviews-and-more (live)
[522/1024] OK   /blog/stripe-vs-profitwell (live)
[523/1024] OK   /blog/stripe-vs-zuora-features-pricing-reviews-and-more (live)
[524/1024] OK   /blog/stripe-vs-shopify-payments-overview-and-features (live)
[525/1024] OK   /blog/stripe-xero-integration-with-baremetrics (live)
[526/1024] OK   /blog/stripe-vs-recurly-which-one-should-you-choose (live)
[527/1024] OK   /blog/subscription-analytics-reporting-why-all-startups-need-it (live)
[528/1024] OK   /blog/subscription-cancellation-email (live)
[529/1024] OK   /blog/subscription-dunning-how-to-improve-revenue-recovery (live)
[530/1024] OK   /blog/subscription-payment-recovery-benchmarks (live)
[531/1024] OK   /blog/subscription-management-and-what-you-should-know (live)
[532/1024] OK   /blog/successful-shopify-partners-apps-to-use (live)
[533/1024] OK   /blog/sunsetting-intros (live)
[534/1024] OK   /blog/testimonials-and-case-studies-how-to-use-customer-satisfaction-as-your-greatest-marketing-asset (live)
[535/1024] OK   /blog/the-10-forms-of-saas-capital-from-inception-to-exit (live)
[536/1024] OK   /blog/the-anatomy-of-a-modern-saas-sites-homepage (live)
[537/1024] OK   /blog/the-art-of-upselling-how-to-charge-more-without-alienating-your-user-base (live)
[538/1024] OK   /blog/the-best-financial-modeling-software-for-saas (live)
[539/1024] OK   /blog/the-best-customer-segmentation-tools (live)
[540/1024] OK   /blog/the-best-recurring-payment-system (live)
[541/1024] OK   /blog/the-definitive-guide-to-customer-loyalty (live)
[542/1024] OK   /blog/the-fees-that-nobody-talks-about-that-are-costing-your-business-thousands-of-dollars (live)
[543/1024] OK   /blog/the-importance-of-customer-segmentation-dashboards (live)
[544/1024] OK   /blog/the-power-of-recommendation-3-tips-on-creating-an-effective-referral-program (live)
[545/1024] OK   /blog/the-principles-of-saas-accounting (live)
[546/1024] OK   /blog/the-quick-guide-to-getting-started-with-baremetrics (live)
[547/1024] OK   /blog/the-seven-rs-of-customer-retention (live)
[548/1024] OK   /blog/this-small-business-retirement-plan-can-really-build-wealth-or-or-how-to-become-a-401k-millionaire (live)
[549/1024] OK   /blog/tiered-pricing-model (live)
[550/1024] OK   /blog/tiny-pricing-change-tripled-revenues (live)
[551/1024] OK   /blog/tips-changing-startups-domain (live)
[552/1024] OK   /blog/tools-and-services-we-use-to-run-our-startup (live)
[553/1024] OK   /blog/top-10-business-metrics-for-shopify-app-developers (live)
[554/1024] OK   /blog/top-10-financial-forecast-software-options (live)
[555/1024] OK   /blog/top-10-pricing-strategy-examples-for-saas (live)
[556/1024] OK   /blog/top-10-shopify-merchant-pain-points-and-app-ideas-to-solve-them (live)
[557/1024] OK   /blog/top-4-customer-segmentation-metrics (live)
[558/1024] OK   /blog/top-6-financial-model-best-practices (live)
[559/1024] OK   /blog/top-customer-retention-rate-mistakes (live)
[560/1024] OK   /blog/top-forecasting-software-for-saas-businesses (live)
[561/1024] OK   /blog/top-revenue-forecasting-software (live)
[562/1024] OK   /blog/top-ten-sales-kpis (live)
[563/1024] OK   /blog/top-tools-for-shopify-app-developers (live)
[564/1024] OK   /blog/tracking-customer-success (live)
[565/1024] OK   /blog/transition-customer-support-customer-success (live)
[566/1024] OK   /blog/trial-conversion-rate-metrics-explained (live)
[567/1024] OK   /blog/true-tales-engineering-scaling (live)
[568/1024] OK   /blog/ultimate-dunning-management-guide (live)
[569/1024] OK   /blog/understanding-churn-rate (live)
[570/1024] OK   /blog/understanding-failed-payments-in-your-saas-business (live)
[571/1024] OK   /blog/understanding-proration (live)
[572/1024] OK   /blog/understanding-purchase-cycles (live)
[573/1024] OK   /blog/understanding-revenue-operations (live)
[574/1024] OK   /blog/understanding-subscription-revenue (live)
[575/1024] OK   /blog/unlimited-minimum-vacation (live)
[576/1024] OK   /blog/unlimited-team-members (live)
[577/1024] OK   /blog/usage-based-pricing (live)
[578/1024] OK   /blog/use-baremetrics-to-calculate-cac-for-stripe-customers (live)
[579/1024] OK   /blog/use-baremetrics-to-calculate-churn-for-stripe-customers (live)
[580/1024] OK   /blog/use-baremetrics-to-calculate-ltv-for-stripe-customers (live)
[581/1024] OK   /blog/use-baremetrics-to-find-the-billing-history-for-stripe-customers (live)
[582/1024] OK   /blog/value-metrics-and-why-saas-companies-need-them (live)
[583/1024] OK   /blog/we-raised-prices-by-250-the-good-the-bad-and-what-we-would-have-done-differently (live)
[584/1024] OK   /blog/we-sold-intros-for-100000 (live)
[585/1024] OK   /blog/webinar-campaign-engagement (live)
[586/1024] OK   /blog/what-are-accounts-receivable (live)
[587/1024] OK   /blog/what-are-customer-retention-tools (live)
[588/1024] OK   /blog/what-are-inbound-leads (live)
[589/1024] OK   /blog/what-are-liabilities-in-saas (live)
[590/1024] OK   /blog/what-are-t-accounts-and-why-do-you-need-them (live)
[591/1024] OK   /blog/what-customer-events-are-tracked-in-baremetrics (live)
[592/1024] OK   /blog/what-is-a-crm-and-how-it-can-help-you (live)
[593/1024] OK   /blog/what-is-a-good-customer-retention-rate (live)
[594/1024] OK   /blog/what-is-a-payment-ledger (live)
[595/1024] OK   /blog/what-is-a-profit-and-loss-statement (live)
[596/1024] OK   /blog/what-is-accrual-accounting (live)
[597/1024] OK   /blog/what-is-an-income-statement-for-saas (live)
[598/1024] OK   /blog/what-is-bootstrapping-a-business (live)
[599/1024] OK   /blog/what-is-bundle-pricing (live)
[600/1024] OK   /blog/what-is-chargebee (live)
[601/1024] OK   /blog/what-is-contraction-monthly-recurring-revenue (live)
[602/1024] OK   /blog/what-is-cost-plus-pricing (live)
[603/1024] OK   /blog/what-is-customer-segmentation (live)
[604/1024] OK   /blog/what-is-data-enrichment-and-how-does-it-work (live)
[605/1024] OK   /blog/what-is-equity-financing (live)
[606/1024] OK   /blog/what-is-equity-in-accounting (live)
[607/1024] OK   /blog/what-is-finops-and-how-can-it-help-businesses-scale-their-financial-processes (live)
[608/1024] OK   /blog/what-is-flywheel-marketing (live)
[609/1024] OK   /blog/what-is-gaap-accounting (live)
[610/1024] OK   /blog/what-is-inbound-marketing (live)
[611/1024] OK   /blog/what-is-marginal-profit (live)
[612/1024] OK   /blog/what-is-marginal-revenue (live)
[613/1024] OK   /blog/what-is-net-cash-flow (live)
[614/1024] OK   /blog/what-is-net-dollar-retention (live)
[615/1024] OK   /blog/what-is-net-revenue-retention (live)
[616/1024] OK   /blog/what-is-net-revenue (live)
[617/1024] OK   /blog/what-is-net-sales-revenue-net-revenue-vs-net-sales-revenue (live)
[618/1024] OK   /blog/what-is-operating-income (live)
[619/1024] OK   /blog/what-is-optional-product-pricing-and-how-to-use-it-successfully (live)
[620/1024] OK   /blog/what-is-owners-equity-in-saas (live)
[621/1024] OK   /blog/what-is-penetration-pricing (live)
[622/1024] OK   /blog/what-is-podcast-marketing (live)
[623/1024] OK   /blog/what-is-price-skimming (live)
[624/1024] OK   /blog/what-is-psychological-pricing (live)
[625/1024] OK   /blog/what-is-recurring-billing (live)
[626/1024] OK   /blog/what-is-saas-pricing-template (live)
[627/1024] OK   /blog/what-is-shopify-checkout (live)
[628/1024] OK   /blog/what-is-subscription-marketing (live)
[629/1024] OK   /blog/what-is-the-asc-606 (live)
[630/1024] OK   /blog/what-is-the-discount-rate-and-what-does-it-mean-for-saas (live)
[631/1024] OK   /blog/what-is-the-ltv-to-cac-ratio (live)
[632/1024] OK   /blog/what-is-unearned-revenue-and-how-to-account-for-it (live)
[633/1024] OK   /blog/what-is-value-based-pricing (live)
[634/1024] OK   /blog/what-is-working-capital (live)
[635/1024] OK   /blog/what-is-your-businesss-burn-rate (live)
[636/1024] OK   /blog/what-makes-tracking-saas-metrics-different (live)
[637/1024] OK   /blog/what-metrics-does-baremetrics-monitor (live)
[638/1024] OK   /blog/why-conducting-customer-retention-analysis-is-important (live)
[639/1024] OK   /blog/why-founders-need-hobbies (live)
[640/1024] OK   /blog/why-subscription-payments-fail (live)
[641/1024] OK   /blog/why-we-spent-250000 (live)
[642/1024] OK   /blog/willingness-to-pay-what-it-is-and-how-to-find-it (live)
[643/1024] OK   /blog/winback-email (live)
[644/1024] OK   /blog/winging-it (live)
[645/1024] OK   /blog/work-life-separation (live)
[646/1024] OK   /book-a-demo (live)
[647/1024] OK   /blog (live)
[648/1024] OK   /braintree (live)
[649/1024] OK   /build-vs-buy (live)
[650/1024] OK   /chargebee (live)
[651/1024] OK   /compare/chartmogul-alternative (live)
[652/1024] OK   /compare/mantle-alternative (live)
[653/1024] OK   /compare/firstofficer-alternative (live)
[654/1024] OK   /compare/mrrio-alternative (live)
[655/1024] OK   /compare/saasoptics-alternative (live)
[656/1024] OK   /compare/profitwell-alternative (live)
[657/1024] OK   /compare/stripe-analytics-alternative (live)
[658/1024] OK   /customers/cancel-timeshare-recovered-680-in-1-month-with-baremetrics (live)
[659/1024] OK   /customers/how-grokability-recovered-150k-in-failed-charges-with-baremetrics (live)
[660/1024] OK   /customers/how-huntr-doubled-revenue-4-years-straight-while-pivoting-twice (live)
[661/1024] OK   /customers/how-smart-passive-income-grew-its-private-membership-community-and-recovered-8k-in-failed-payments-with-baremetrics (live)
[662/1024] OK   /customers/upvoty-customer-story (live)
[663/1024] OK   /customers/uxpin-uses-baremetrics-to-track-saas-metrics-and-financial-growth (live)
[664/1024] OK   /customers (live)
[665/1024] OK   /experts/design (live)
[666/1024] OK   /experts/development (live)
[667/1024] OK   /experts/legal-financial (live)
[668/1024] OK   /experts/marketing-sales (live)
[669/1024] OK   /features/api (live)
[670/1024] OK   /features/augmentation (live)
[671/1024] OK   /experts (live)
[672/1024] OK   /features/benchmarks (live)
[673/1024] OK   /features/control-center (live)
[674/1024] OK   /features/cancellation-insights (live)
[675/1024] OK   /features/email-reports (live)
[676/1024] FAIL /features/metrics (preview-fail)
[677/1024] OK   /features/forecasting (live)
[678/1024] OK   /features/people-insights (live)
[679/1024] OK   /features/recover (live)
[680/1024] OK   /features/segmentation (live)
[681/1024] OK   /features/slack-tools (live)
[682/1024] OK   /features/smart-dashboards (live)
[683/1024] OK   /features/trial-insights (live)
[684/1024] OK   /founder-chats/15462 (live)
[685/1024] OK   /founder-chats/a-holistic-approach-to-financial-forecasting-with-bijan-moallemi (live)
[686/1024] OK   /founder-chats/aaron-epstein (live)
[687/1024] OK   /founder-chats/adii-pienaar (live)
[688/1024] OK   /founder-chats/amir-salihefendic (live)
[689/1024] OK   /founder-chats/amit-gupta (live)
[690/1024] OK   /founder-chats/ankur-nagpal (live)
[691/1024] OK   /founder-chats/ashley-baxter (live)
[692/1024] OK   /founder-chats/benjy-boxer (live)
[693/1024] OK   /founder-chats/brad-smith (live)
[694/1024] OK   /founder-chats/brandon-foo (live)
[695/1024] OK   /founder-chats/breaking-into-saas-sales-becoming-a-ceo-with-stevee-danielle-baremetrics (live)
[696/1024] OK   /founder-chats/brennan-dunn (live)
[697/1024] OK   /founder-chats/building-a-customer-centric-brand-with-andre-monteiro (live)
[698/1024] OK   /founder-chats/brian-parks (live)
[699/1024] OK   /founder-chats/cat-noone (live)
[700/1024] OK   /founder-chats/claire-lew (live)
[701/1024] OK   /founder-chats/chase-taake (live)
[702/1024] OK   /founder-chats/chris-savage (live)
[703/1024] OK   /founder-chats/colin-nederkoorn (live)
[704/1024] OK   /founder-chats/cutting-time-wasters-and-using-resources-efficiently-with-bryan-clayton (live)
[705/1024] OK   /founder-chats/david-cancel (live)
[706/1024] OK   /founder-chats/david-darmanin (live)
[707/1024] OK   /founder-chats/david-zitoun (live)
[708/1024] OK   /founder-chats/des-traynor (live)
[709/1024] OK   /founder-chats/eoghan-mccabe (live)
[710/1024] OK   /founder-chats/eliminating-passwords-with-reed-mcginley-stempel (live)
[711/1024] OK   /founder-chats/escaping-the-analysis-paralysis-of-managing-personal-finances-with-will-peng (live)
[712/1024] OK   /founder-chats/hiten-shah (live)
[713/1024] OK   /founder-chats/evolving-a-fantasy-sports-company-with-peter-schoenke (live)
[714/1024] OK   /founder-chats/how-leaders-should-use-data-with-benn-stancil (live)
[715/1024] OK   /founder-chats/how-to-develop-the-products-your-customers-actually-need-with-aran-khanna (live)
[716/1024] OK   /founder-chats/isaac-oates (live)
[717/1024] OK   /founder-chats/innovating-the-translating-industry-with-matija-kovac (live)
[718/1024] OK   /founder-chats/james-gill (live)
[719/1024] OK   /founder-chats/james-smith (live)
[720/1024] OK   /founder-chats/jeff-sheldon (live)
[721/1024] OK   /founder-chats/jesse-genet (live)
[722/1024] OK   /founder-chats/jd-graffam (live)
[723/1024] OK   /founder-chats/jesse-mecham (live)
[724/1024] OK   /founder-chats/joel-gascoigne (live)
[725/1024] OK   /founder-chats/john-sheehan (live)
[726/1024] OK   /founder-chats/john-onolan (live)
[727/1024] OK   /founder-chats/josh-pigford (live)
[728/1024] OK   /founder-chats/khash-sajadi (live)
[729/1024] OK   /founder-chats/kyle-racki (live)
[730/1024] OK   /founder-chats/launching-a-startup (live)
[731/1024] OK   /founder-chats/laura-roeder (live)
[732/1024] OK   /founder-chats/leah-culver (live)
[733/1024] OK   /founder-chats/luke-beard (live)
[734/1024] OK   /founder-chats/mathilde-collin (live)
[735/1024] OK   /founder-chats/michael-pryor (live)
[736/1024] OK   /founder-chats/mike-cheung (live)
[737/1024] OK   /founder-chats/mike-potter (live)
[738/1024] OK   /founder-chats/natalie-nagele (live)
[739/1024] OK   /founder-chats/nathan-barry (live)
[740/1024] OK   /founder-chats/nick-francis (live)
[741/1024] OK   /founder-chats/ownership-mentality-how-to-tackle-problems-proactively-as-a-growing-team-with-jon-penland (live)
[742/1024] OK   /founder-chats/rand-fishkin (live)
[743/1024] OK   /founder-chats/rob-walling (live)
[744/1024] OK   /founder-chats/pivoting-2x-to-find-product-market-fit-with-spencer-coon (live)
[745/1024] OK   /founder-chats/ryan-carson (live)
[746/1024] OK   /founder-chats/ryan-hoover (live)
[747/1024] OK   /founder-chats/sachin-jain (live)
[748/1024] OK   /founder-chats/sahil-lavingia (live)
[749/1024] OK   /founder-chats/santi-bibiloni (live)
[750/1024] OK   /founder-chats/selling-online-businesses-and-growing-a-global-team-with-justin-cooke (live)
[751/1024] OK   /founder-chats/scaling-a-values-led-podcasting-platform-with-craig-hewitt (live)
[752/1024] OK   /founder-chats/serial-entrepreneurship-and-customer-development-with-jeff-solomon (live)
[753/1024] OK   /founder-chats/spencer-fry (live)
[754/1024] OK   /founder-chats/steli-efti (live)
[755/1024] OK   /founder-chats/the-advantages-of-open-source-platforms-with-douwe-mann (live)
[756/1024] OK   /founder-chats/the-mindset-shift-from-seed-to-series-a-with-jonni-lundy-baremetrics (live)
[757/1024] OK   /founder-chats/the-road-to-saas-from-the-music-industry-with-marc-brown (live)
[758/1024] OK   /founder-chats/the-ultimate-saas-onboarding-playbook-with-justin-hammond-baremetrics (live)
[759/1024] OK   /founder-chats/thomas-griffin (live)
[760/1024] OK   /founder-chats/todd-garland (live)
[761/1024] OK   /founder-chats/wade-foster (live)
[762/1024] OK   /founder-chats/walid-amarir (live)
[763/1024] OK   /founder-chats/zac-smith (live)
[764/1024] OK   /founder-chats/walter-chen (live)
[765/1024] OK   /founder-chats/writing-a-new-startup-narrative-with-rand-fishkin (live)
[766/1024] OK   /founder-chats/zach-klein (live)
[767/1024] OK   /gdpr (live)
[768/1024] OK   /founder-chats (live)
[769/1024] OK   /glossary (live)
[770/1024] OK   /google-play (live)
[771/1024] OK   /help/help-kb-404 (live)
[772/1024] OK   /help/help-kb-search-results (live)
[773/1024] OK   /help (live)
[774/1024] OK   /hubspot-integration (live)
[775/1024] OK   /ja/about (live)
[776/1024] OK   /index (live)
[777/1024] OK   /ja/academy/churn (live)
[778/1024] OK   /ja/academy/handle-competition-in-business (live)
[779/1024] OK   /ja/academy (live)
[780/1024] OK   /ja/academy/saas-business-model (live)
[781/1024] OK   /ja/affiliate (live)
[782/1024] OK   /ja/apple-itunes-app-store-connect (live)
[783/1024] OK   /ja/benchmarks (live)
[784/1024] OK   /ja/braintree (live)
[785/1024] OK   /ja/build-vs-buy (live)
[786/1024] OK   /ja/chargebee (live)
[787/1024] OK   /ja/customers/doorkeeper (live)
[788/1024] OK   /ja/customers/kiara (live)
[789/1024] OK   /ja/customers/lunaris (live)
[790/1024] OK   /ja/customers/readme (live)
[791/1024] OK   /ja/customers/studio (live)
[792/1024] OK   /ja/customers/tokyomate (live)
[793/1024] OK   /ja/customers/uxpin (live)
[794/1024] OK   /ja/customers/wellday (live)
[795/1024] OK   /ja/customers (live)
[796/1024] OK   /ja/experts/design (live)
[797/1024] OK   /ja/experts/development (live)
[798/1024] OK   /ja/experts/legal-financial (live)
[799/1024] OK   /ja/experts/marketing-sales (live)
[800/1024] OK   /ja/experts (live)
[801/1024] OK   /ja/features/api (live)
[802/1024] OK   /ja/features/benchmarks (live)
[803/1024] OK   /ja/features/augmentation (live)
[804/1024] OK   /ja/features/cancellation-insights (live)
[805/1024] OK   /ja/features/control-center (live)
[806/1024] OK   /ja/features/forecasting (live)
[807/1024] OK   /ja/features/email-reports (live)
[808/1024] OK   /ja/features/people-insights (live)
[809/1024] OK   /ja/features/recover (live)
[810/1024] OK   /ja/features/segmentation (live)
[811/1024] OK   /ja/features/slack-tools (live)
[812/1024] OK   /ja/features/smart-dashboards (live)
[813/1024] OK   /ja/gdpr (live)
[814/1024] OK   /ja/features/trial-insights (live)
[815/1024] OK   /ja/google-play (live)
[816/1024] OK   /ja/open-startups (live)
[817/1024] OK   /ja/pricing (live)
[818/1024] OK   /ja/privacy (live)
[819/1024] OK   /ja/recurly (live)
[820/1024] OK   /ja/security (live)
[821/1024] OK   /ja/stripe (live)
[822/1024] OK   /ja/shopify-partners (live)
[823/1024] OK   /ja/subscribe (live)
[824/1024] FAIL /jp/blog/%E3%83%81%E3%83%A3%E3%83%BC%E3%83%B3%E3%81%AF%E4%BD%95%E3%82%92%E7%89%A9%E8%AA%9E%E3%81%A3%E3%81%A6%E3%81%84%E3%82%8B%E3%81%8B (preview-fail)
[825/1024] OK   /ja/terms (live)
[826/1024] OK   /ja/wall-of-love (live)
[827/1024] OK   /jp/blog/10-business-tips-for-shopify-app-developers (live)
[828/1024] OK   /jp/blog/10-scalable-ways-to-improve-saas-customer-success (live)
[829/1024] OK   /jp/blog/10-examples-of-revenue-models-for-saas-jp (live)
[830/1024] OK   /jp/blog/12-business-ideas-require-little-no-startup-capital (live)
[831/1024] OK   /jp/blog/5-mistakes-to-avoid-when-tracking-saas-metrics (live)
[832/1024] OK   /jp/blog/3-signs-your-saas-is-ready-to-go-to-market (live)
[833/1024] OK   /jp/blog/5-ways-to-prevent-involuntary-churn (live)
[834/1024] OK   /jp/blog/6-tips-for-effective-data-sharing-using-baremetrics-2 (live)
[835/1024] OK   /jp/blog/6-tips-for-running-a-successful-ad-campaign-as-a-micro-saas-founder-jp (live)
[836/1024] OK   /jp/blog/7-cool-ways-to-use-the-baremetrics-api (live)
[837/1024] OK   /jp/blog/7-tips-on-improving-employee-retention-as-a-remote-work-saas-businessinspired-by-founder-chats-justin-cooke-from-empire-flippers (live)
[838/1024] OK   /jp/blog/academy-gross-margin (live)
[839/1024] OK   /jp/blog/academy-recurring-vs-non-recurring-revenue (live)
[840/1024] OK   /jp/blog/alternative-marketing-strategies-for-saas-businesses (live)
[841/1024] OK   /jp/blog/annual-contract-value-acv (live)
[842/1024] OK   /jp/blog/annual-run-rate-arr (live)
[843/1024] OK   /jp/blog/average-revenue-per-user-arpu (live)
[844/1024] OK   /jp/blog/baremetrics-is-the-best-stripe-analytics-dashboard (live)
[845/1024] OK   /jp/blog/behavioral-segmentation-what-is-it (live)
[846/1024] OK   /jp/blog/bookkeeping-for-your-saas-business (live)
[847/1024] OK   /jp/blog/burn-rate (live)
[848/1024] OK   /jp/blog/cac-payback-period (live)
[849/1024] OK   /jp/blog/cash-flow-modeling-for-saas-6-tools-to-use-in-2022 (live)
[850/1024] OK   /jp/blog/cash-flow-statements-examples-and-solutions-for-your-saas-business (live)
[851/1024] OK   /jp/blog/cash-flow (live)
[852/1024] OK   /jp/blog/churn-mrr (live)
[853/1024] OK   /jp/blog/churn-analysis (live)
[854/1024] OK   /jp/blog/churn (live)
[855/1024] OK   /jp/blog/cohort-analysis (live)
[856/1024] OK   /jp/blog/cohort (live)
[857/1024] OK   /jp/blog/committed-monthly-recurring-revenue-cmrr (live)
[858/1024] OK   /jp/blog/company-growth-rate (live)
[859/1024] OK   /jp/blog/cost-of-goods-sold-cogs (live)
[860/1024] OK   /jp/blog/creating-the-ideal-customer-profile-as-a-startup-a-step-by-step-guide (live)
[861/1024] OK   /jp/blog/customer-acquisition-cost (live)
[862/1024] OK   /jp/blog/cto-chief-technical-officer (live)
[863/1024] OK   /jp/blog/customer-behavior-analysis-how-to-understand-and-predict-your-customers-in-2022 (live)
[864/1024] OK   /jp/blog/customer-churn-vs-revenue-churn-whats-the-difference (live)
[865/1024] OK   /jp/blog/customer-retention-metrics (live)
[866/1024] OK   /jp/blog/customer-lifetime-value-and-customer-lifetime-care (live)
[867/1024] OK   /jp/blog/customer-segmentation-examples-to-improve-your-marketing-strategy (live)
[868/1024] OK   /jp/blog/customer-segmentation-models-a-smarter-approach-ja (live)
[869/1024] OK   /jp/blog/do-churn-based-ltv-calculations-mislead-us (live)
[870/1024] OK   /jp/blog/daily-active-user (live)
[871/1024] OK   /jp/blog/expansion-mrr (live)
[872/1024] OK   /jp/blog/get-accurate-financial-metrics-with-baremetrics (live)
[873/1024] OK   /jp/blog/growth-rate (live)
[874/1024] OK   /jp/blog/handle-competition-in-business (live)
[875/1024] OK   /jp/blog/heres-what-investors-look-for-in-saas-businesses (live)
[876/1024] OK   /jp/blog/how-fast-saas-companies-hit-arr-milestones (live)
[877/1024] OK   /jp/blog/how-to-calculate-ltv-for-shopify-partner-apps (live)
[878/1024] OK   /jp/blog/how-to-build-a-saas-customer-acquisition-strategy (live)
[879/1024] OK   /jp/blog/how-to-calculate-mrr-for-shopify-partner-apps (live)
[880/1024] OK   /jp/blog/how-to-create-a-marketing-budget-for-your-startup (live)
[881/1024] OK   /jp/blog/how-to-create-cancellation-surveys-that-get-a-response (live)
[882/1024] OK   /jp/blog/how-to-create-an-effective-go-to-market-strategy-for-your-saas-product (live)
[883/1024] OK   /jp/blog/how-to-do-price-analysis-for-saas (live)
[884/1024] OK   /jp/blog/how-to-get-users-to-use-your-product-2 (live)
[885/1024] OK   /jp/blog/how-to-identify-customers-at-risk-of-churn (live)
[886/1024] OK   /jp/blog/how-to-get-users-to-use-your-product (live)
[887/1024] OK   /jp/blog/how-to-improve-your-lead-conversion-rate-for-shopify-partner-apps (live)
[888/1024] OK   /jp/blog/how-to-make-it-through-the-pre-revenue-startup-phase (live)
[889/1024] OK   /jp/blog/how-to-use-benchmarks-by-baremetrics (live)
[890/1024] OK   /jp/blog/how-to-value-a-saas-business (live)
[891/1024] OK   /jp/blog/invoice-financing-for-saas-companies-what-is-it-how-does-it-work (live)
[892/1024] OK   /jp/blog/kpi-key-performance-indicator (live)
[893/1024] OK   /jp/blog/lead-generation (live)
[894/1024] OK   /jp/blog/ltv-part1 (live)
[895/1024] OK   /jp/blog/ltv-part2 (live)
[896/1024] OK   /jp/blog/ltv-part3 (live)
[897/1024] OK   /jp/blog/managing-total-expenses-a-how-to-guide (live)
[898/1024] OK   /jp/blog/marginal-cost-why-you-need-to-know-it (live)
[899/1024] OK   /jp/blog/monitoring-mrr-expansion-from-upgraded-subscriptions-in-stripe (live)
[900/1024] OK   /jp/blog/mql-vs-pql-vs-sql-what-you-need-to-know (live)
[901/1024] OK   /jp/blog/mrr-definition (live)
[902/1024] OK   /jp/blog/mrr-growth-rate-vs-net-mrr-growth-rate-ja (live)
[903/1024] OK   /jp/blog/mrr-growth (live)
[904/1024] OK   /jp/blog/mrr-part2 (live)
[905/1024] OK   /jp/blog/mrr-part1 (live)
[906/1024] OK   /jp/blog/mrr-part3 (live)
[907/1024] OK   /jp/blog/mrr-part4 (live)
[908/1024] OK   /jp/blog/mrr-part5 (live)
[909/1024] OK   /jp/blog/mrr-part6 (live)
[910/1024] OK   /jp/blog/mrr-part7 (live)
[911/1024] OK   /jp/blog/negative-churn (live)
[912/1024] OK   /jp/blog/net-revenue-churn-ja (live)
[913/1024] OK   /jp/blog/net-income-vs-gross-revenue-vs-net-revenue-the-full-guide-jp (live)
[914/1024] OK   /jp/blog/new-mrr (live)
[915/1024] OK   /jp/blog/not-hitting-your-saas-growth-goals-heres-five-potential-reasons-why (live)
[916/1024] OK   /jp/blog/per-user-pricing (live)
[917/1024] OK   /jp/blog/perpetual-license-vs-annual-license-vs-subscriptions-jp (live)
[918/1024] OK   /jp/blog/price-localization-explained-what-is-it-and-how-can-businesses-come-up-with-a-strategy (live)
[919/1024] OK   /jp/blog/price-optimization-in-saas-an-introduction (live)
[920/1024] OK   /jp/blog/pricing-strategy-webinar-qa (live)
[921/1024] OK   /jp/blog/reactivating-subscriptions-resuming-metrics-for-your-subscriptions (live)
[922/1024] OK   /jp/blog/readme (live)
[923/1024] OK   /jp/blog/reduce-churn (live)
[924/1024] OK   /jp/blog/retention-rate (live)
[925/1024] FAIL /jp/blog/saas%E3%82%B9%E3%82%BF%E3%83%BC%E3%83%88%E3%82%A2%E3%83%83%E3%83%97%E3%81%AE%E3%81%9F%E3%82%81%E3%81%AE15%E3%81%AEseo%E5%AF%BE%E7%AD%96 (preview-fail)
[926/1024] OK   /jp/blog/revenue-churn (live)
[927/1024] OK   /jp/blog/revenue-vs-profit (live)
[928/1024] OK   /jp/blog/saas-analytics (live)
[929/1024] OK   /jp/blog/saas-churn (live)
[930/1024] OK   /jp/blog/saas-business-model (live)
[931/1024] OK   /jp/blog/saas-business-model-2 (live)
[932/1024] OK   /jp/blog/saas-conversion-rates-for-all-the-different-benchmarks (live)
[933/1024] OK   /jp/blog/saas-dashboard (live)
[934/1024] OK   /jp/blog/saas-forecasting (live)
[935/1024] OK   /jp/blog/saas-financial-metrics-use-baremetrics-for-all-of-your-saas-financial-metrics (live)
[936/1024] OK   /jp/blog/saas-price-increase-how-to-raise-prices-without-upsetting-customers (live)
[937/1024] OK   /jp/blog/saas-metrics (live)
[938/1024] OK   /jp/blog/saas-pricing-models-part2 (live)
[939/1024] OK   /jp/blog/saas-pricing-models-part1 (live)
[940/1024] OK   /jp/blog/saas-quick-ratio (live)
[941/1024] OK   /jp/blog/saas-pricing-models-part4 (live)
[942/1024] OK   /jp/blog/saas-pricing-models-part3 (live)
[943/1024] OK   /jp/blog/saas-pricing-models-part5 (live)
[944/1024] OK   /jp/blog/setting-up-your-baremetrics-account (live)
[945/1024] OK   /jp/blog/scenario-planning-and-financial-forecasting-a-starters-guide (live)
[946/1024] OK   /jp/blog/service-level-agreement-sla (live)
[947/1024] OK   /jp/blog/saas-sales-model-choosing-the-best-strategy-for-your-saas-business (live)
[948/1024] OK   /jp/blog/shopify-markets-what-shopify-partners-need-to-know (live)
[949/1024] OK   /jp/blog/should-your-saas-business-invest-more-in-content-marketing (live)
[950/1024] OK   /jp/blog/startup-financial-model-building-a-startup-financial-model-2 (live)
[951/1024] OK   /jp/blog/shopify-partner-dashboard-for-app-developers-what-business-metrics-you-can-get-for-your-shopify-app (live)
[952/1024] OK   /jp/blog/startup-financial-model-building-a-startup-financial-model (live)
[953/1024] OK   /jp/blog/strategic-partnerships-partner-marketing (live)
[954/1024] OK   /jp/blog/startup-solo-founder (live)
[955/1024] OK   /jp/blog/startups-know-monthly-active-users (live)
[956/1024] OK   /jp/blog/stripe-reports-what-is-and-isnt-available (live)
[957/1024] OK   /jp/blog/stripe-vs-shopify-payments-overview-and-features-jp (live)
[958/1024] OK   /jp/blog/tcv-total-contract-value (live)
[959/1024] OK   /jp/blog/the-anatomy-of-a-modern-saas-sites-homepage (live)
[960/1024] OK   /jp/blog/the-power-of-recommendation-3-tips-on-creating-an-effective-referral-program (live)
[961/1024] OK   /jp/blog/time-to-value-ttv (live)
[962/1024] OK   /jp/blog/top-10-business-metrics-for-shopify-app-developers (live)
[963/1024] OK   /jp/blog/the-seven-rs-of-customer-retention-jp (live)
[964/1024] OK   /jp/blog/top-10-pricing-strategy-examples-for-saas (live)
[965/1024] OK   /jp/blog/top-ten-sales-kpis (live)
[966/1024] OK   /jp/blog/top-customer-retention-rate-mistakes-ja (live)
[967/1024] OK   /jp/blog/top-10-tools-for-shopify-app-developers (live)
[968/1024] OK   /jp/blog/types-of-customer-feedback (live)
[969/1024] OK   /jp/blog/understanding-subscription-revenue (live)
[970/1024] OK   /jp/blog/understanding-purchase-cycles (live)
[971/1024] OK   /jp/blog/usage-based-pricing (live)
[972/1024] OK   /jp/blog/use-baremetrics-to-calculate-churn-for-stripe-customers (live)
[973/1024] OK   /jp/blog/use-baremetrics-to-calculate-ltv-for-stripe-customers (live)
[974/1024] OK   /jp/blog/use-case-remake-easy (live)
[975/1024] OK   /jp/blog/what-are-liabilities-in-saas (live)
[976/1024] OK   /jp/blog/what-is-a-good-customer-retention-rate (live)
[977/1024] OK   /jp/blog/what-is-a-profit-and-loss-statement-jp (live)
[978/1024] OK   /jp/blog/what-is-data-enrichment-and-how-does-it-work (live)
[979/1024] OK   /jp/blog/what-is-bundle-pricing (live)
[980/1024] OK   /jp/blog/what-is-finops-and-how-can-it-help-businesses-scale-their-financial-processes (live)
[981/1024] OK   /jp/blog/what-is-net-cash-flow-jp (live)
[982/1024] OK   /jp/blog/what-is-net-dollar-retention (live)
[983/1024] OK   /jp/blog/what-is-net-promoter-score (live)
[984/1024] OK   /jp/blog/what-is-net-revenue (live)
[985/1024] OK   /jp/blog/what-is-optional-product-pricing-and-how-to-use-it-successfully (live)
[986/1024] OK   /jp/blog/what-is-owners-equity-in-saas (live)
[987/1024] OK   /jp/blog/what-is-price-skimming (live)
[988/1024] OK   /jp/blog/what-is-subscription-marketing (live)
[989/1024] OK   /jp/blog/what-is-saas-pricing-template (live)
[990/1024] OK   /jp/blog/what-is-recurring-billing (live)
[991/1024] OK   /jp/blog/what-is-the-discount-rate-and-what-does-it-mean-for-saas (live)
[992/1024] OK   /jp/blog/what-is-value-based-pricing (live)
[993/1024] OK   /jp/blog/what-is-the-ltv-to-cac-ratio (live)
[994/1024] OK   /jp/blog/what-is-unearned-revenue-and-how-to-account-for-it (live)
[995/1024] OK   /jp/blog/what-makes-tracking-saas-metrics-different-ja (live)
[996/1024] OK   /jp/blog (live)
[997/1024] OK   /jp/blog/what-metrics-does-baremetrics-monitor (live)
[998/1024] OK   /jp/founder-chats/ankur-nagpal (live)
[999/1024] OK   /jp/founder-chats/jeff-sheldon (live)
[1000/1024] OK   /jp/founder-chats/khash-sajadi (live)
[1001/1024] OK   /jp/founder-chats/mike-cheung (live)
[1002/1024] OK   /jp/founder-chats/nick-francis (live)
[1003/1024] OK   /jp/founder-chats/zac-smith (live)
[1004/1024] OK   /jp/founder-chats (live)
[1005/1024] OK   /max-mrr (live)
[1006/1024] OK   /ltv-calc (live)
[1007/1024] OK   /open-benchmarks (live)
[1008/1024] OK   /open-startups (live)
[1009/1024] OK   /privacy (live)
[1010/1024] OK   /privacy-shield (live)
[1011/1024] OK   /pricing (live)
[1012/1024] OK   /quickbooks (live)
[1013/1024] OK   /security (live)
[1014/1024] OK   /recurly (live)
[1015/1024] OK   /shopify-partners (live)
[1016/1024] OK   /stripe (live)
[1017/1024] OK   /subscribe (live)
[1018/1024] OK   /terms (live)
[1019/1024] OK   /usercase/badgermaps (live)
[1020/1024] OK   /usercase/localize (live)
[1021/1024] OK   /usercase/readme (live)
[1022/1024] OK   /usercase (live)
[1023/1024] OK   /xero (live)
[1024/1024] OK   /wall-of-love (live)
[deploy-batch] done. 1020 ok, 4 failed.
FAILS (re-run the same command to re-drive — succeeded pages are skipped):
  /blog/baremetrics-stripe-platform-integrations  verify-fail  about:error in delivered html
  /features/metrics  preview-fail  preview 409 error from content-bus
  /jp/blog/%E3%83%81%E3%83%A3%E3%83%BC%E3%83%B3%E3%81%AF%E4%BD%95%E3%82%92%E7%89%A9%E8%AA%9E%E3%81%A3%E3%81%A6%E3%81%84%E3%82%8B%E3%81%8B  preview-fail  preview 400 error from content-bus
  /jp/blog/saas%E3%82%B9%E3%82%BF%E3%83%BC%E3%83%88%E3%82%A2%E3%83%83%E3%83%97%E3%81%AE%E3%81%9F%E3%82%81%E3%81%AE15%E3%81%AEseo%E5%AF%BE%E7%AD%96  preview-fail  preview 400 error from content-bus
